1617281825751:add 1 2
1617281997973:help
1617282284023:grep
1617282303855:help
1617282998584:ip
1617283004371:import lombok.extern.slf4j.Slf4j;
1617283004380:import java.net.Inet4Address;
1617283004383:import java.net.InetAddress;
1617283004386:import java.net.NetworkInterface;
1617283004389:import java.util.Enumeration;
1617283012872:grep
1617284443156:ip
1617880608043:grep
1617880622154:stacktrace
1617880625566:grep
1617881452833:jvmTable
1617882672701:mysqlConfigTable
1617983704440:mysqlLogLookTable
1618399857450:help
1618399887626:corntabTable
1618399896153:grepTable
1618486287795:mvnTable
1618486315301:history
1618486318704:help
1618487338464:mvntable
1618487345771:mvnTAble
1618487353273:mvnTable
1618487731985:mysqlConfigTable
1620290789369:mvnTable
1620738856363:ip
1621393953892:mvnTable
1622384591228:ipTable
1622384593469:ipTables
1622384595736:ip
1622557797824:redis_gz
1622557805967:dubbo_ls
1622557811579:quit
